2020/09/30 10:10:58 [error] [php] count(): Parameter must be an array or an object that implements Countable (C:\laragon\www\yii-1.1.19\framework\gii\generators\model\ModelCode.php:371)
Stack trace:
#0 C:\laragon\www\yii-1.1.19\framework\gii\CCodeGenerator.php(162): ModelCode->prepare()
#1 C:\laragon\www\yii-1.1.19\framework\gii\CCodeGenerator.php(63): ModelGenerator->prepare()
#2 C:\laragon\www\yii-1.1.19\framework\web\actions\CInlineAction.php(49): ModelGenerator->actionIndex()
#3 C:\laragon\www\yii-1.1.19\framework\web\CController.php(308): CInlineAction->runWithParams()
#4 C:\laragon\www\yii-1.1.19\framework\web\CController.php(286): ModelGenerator->runAction()
#5 C:\laragon\www\yii-1.1.19\framework\web\CController.php(265): ModelGenerator->runActionWithFilters()
#6 C:\laragon\www\yii-1.1.19\framework\web\CWebApplication.php(282): ModelGenerator->run()
#7 C:\laragon\www\yii-1.1.19\framework\web\CWebApplication.php(141): CWebApplication->runController()
#8 C:\laragon\www\yii-1.1.19\framework\base\CApplication.php(185): CWebApplication->processRequest()
#9 C:\laragon\www\yii-1.1.19\applications\WebSearch\index.php(14): CWebApplication->run()
REQUEST_URI=/index.php?r=gii/model/index
in C:\laragon\www\yii-1.1.19\applications\WebSearch\index.php (14)
2020/09/30 10:11:24 [error] [php] count(): Parameter must be an array or an object that implements Countable (C:\laragon\www\yii-1.1.19\framework\gii\generators\model\ModelCode.php:371)
Stack trace:
#0 C:\laragon\www\yii-1.1.19\framework\gii\CCodeGenerator.php(162): ModelCode->prepare()
#1 C:\laragon\www\yii-1.1.19\framework\gii\CCodeGenerator.php(63): ModelGenerator->prepare()
#2 C:\laragon\www\yii-1.1.19\framework\web\actions\CInlineAction.php(49): ModelGenerator->actionIndex()
#3 C:\laragon\www\yii-1.1.19\framework\web\CController.php(308): CInlineAction->runWithParams()
#4 C:\laragon\www\yii-1.1.19\framework\web\CController.php(286): ModelGenerator->runAction()
#5 C:\laragon\www\yii-1.1.19\framework\web\CController.php(265): ModelGenerator->runActionWithFilters()
#6 C:\laragon\www\yii-1.1.19\framework\web\CWebApplication.php(282): ModelGenerator->run()
#7 C:\laragon\www\yii-1.1.19\framework\web\CWebApplication.php(141): CWebApplication->runController()
#8 C:\laragon\www\yii-1.1.19\framework\base\CApplication.php(185): CWebApplication->processRequest()
#9 C:\laragon\www\yii-1.1.19\applications\WebSearch\index.php(14): CWebApplication->run()
REQUEST_URI=/index.php?r=gii/model/index
in C:\laragon\www\yii-1.1.19\applications\WebSearch\index.php (14)
2020/09/30 10:12:06 [error] [php] count(): Parameter must be an array or an object that implements Countable (C:\laragon\www\yii-1.1.19\framework\gii\generators\model\ModelCode.php:371)
Stack trace:
#0 C:\laragon\www\yii-1.1.19\framework\gii\CCodeGenerator.php(162): ModelCode->prepare()
#1 C:\laragon\www\yii-1.1.19\framework\gii\CCodeGenerator.php(63): ModelGenerator->prepare()
#2 C:\laragon\www\yii-1.1.19\framework\web\actions\CInlineAction.php(49): ModelGenerator->actionIndex()
#3 C:\laragon\www\yii-1.1.19\framework\web\CController.php(308): CInlineAction->runWithParams()
#4 C:\laragon\www\yii-1.1.19\framework\web\CController.php(286): ModelGenerator->runAction()
#5 C:\laragon\www\yii-1.1.19\framework\web\CController.php(265): ModelGenerator->runActionWithFilters()
#6 C:\laragon\www\yii-1.1.19\framework\web\CWebApplication.php(282): ModelGenerator->run()
#7 C:\laragon\www\yii-1.1.19\framework\web\CWebApplication.php(141): CWebApplication->runController()
#8 C:\laragon\www\yii-1.1.19\framework\base\CApplication.php(185): CWebApplication->processRequest()
#9 C:\laragon\www\yii-1.1.19\applications\WebSearch\index.php(14): CWebApplication->run()
REQUEST_URI=/index.php?r=gii/model/index
in C:\laragon\www\yii-1.1.19\applications\WebSearch\index.php (14)
2020/09/30 10:12:28 [error] [php] count(): Parameter must be an array or an object that implements Countable (C:\laragon\www\yii-1.1.19\framework\gii\generators\model\ModelCode.php:371)
Stack trace:
#0 C:\laragon\www\yii-1.1.19\framework\gii\CCodeGenerator.php(162): ModelCode->prepare()
#1 C:\laragon\www\yii-1.1.19\framework\gii\CCodeGenerator.php(63): ModelGenerator->prepare()
#2 C:\laragon\www\yii-1.1.19\framework\web\actions\CInlineAction.php(49): ModelGenerator->actionIndex()
#3 C:\laragon\www\yii-1.1.19\framework\web\CController.php(308): CInlineAction->runWithParams()
#4 C:\laragon\www\yii-1.1.19\framework\web\CController.php(286): ModelGenerator->runAction()
#5 C:\laragon\www\yii-1.1.19\framework\web\CController.php(265): ModelGenerator->runActionWithFilters()
#6 C:\laragon\www\yii-1.1.19\framework\web\CWebApplication.php(282): ModelGenerator->run()
#7 C:\laragon\www\yii-1.1.19\framework\web\CWebApplication.php(141): CWebApplication->runController()
#8 C:\laragon\www\yii-1.1.19\framework\base\CApplication.php(185): CWebApplication->processRequest()
#9 C:\laragon\www\yii-1.1.19\applications\WebSearch\index.php(14): CWebApplication->run()
REQUEST_URI=/index.php?r=gii/model/index
in C:\laragon\www\yii-1.1.19\applications\WebSearch\index.php (14)
2020/09/30 10:25:25 [error] [php] count(): Parameter must be an array or an object that implements Countable (C:\laragon\www\yii-1.1.19\framework\gii\generators\model\ModelCode.php:371)
Stack trace:
#0 C:\laragon\www\yii-1.1.19\framework\gii\CCodeGenerator.php(162): ModelCode->prepare()
#1 C:\laragon\www\yii-1.1.19\framework\gii\CCodeGenerator.php(63): ModelGenerator->prepare()
#2 C:\laragon\www\yii-1.1.19\framework\web\actions\CInlineAction.php(49): ModelGenerator->actionIndex()
#3 C:\laragon\www\yii-1.1.19\framework\web\CController.php(308): CInlineAction->runWithParams()
#4 C:\laragon\www\yii-1.1.19\framework\web\CController.php(286): ModelGenerator->runAction()
#5 C:\laragon\www\yii-1.1.19\framework\web\CController.php(265): ModelGenerator->runActionWithFilters()
#6 C:\laragon\www\yii-1.1.19\framework\web\CWebApplication.php(282): ModelGenerator->run()
#7 C:\laragon\www\yii-1.1.19\framework\web\CWebApplication.php(141): CWebApplication->runController()
#8 C:\laragon\www\yii-1.1.19\framework\base\CApplication.php(185): CWebApplication->processRequest()
#9 C:\laragon\www\yii-1.1.19\applications\WebSearch\index.php(14): CWebApplication->run()
REQUEST_URI=/index.php?r=gii/model/index
in C:\laragon\www\yii-1.1.19\applications\WebSearch\index.php (14)
2020/09/30 10:26:43 [error] [php] count(): Parameter must be an array or an object that implements Countable (C:\laragon\www\yii-1.1.19\framework\gii\generators\model\ModelCode.php:371)
Stack trace:
#0 C:\laragon\www\yii-1.1.19\framework\gii\CCodeGenerator.php(162): ModelCode->prepare()
#1 C:\laragon\www\yii-1.1.19\framework\gii\CCodeGenerator.php(63): ModelGenerator->prepare()
#2 C:\laragon\www\yii-1.1.19\framework\web\actions\CInlineAction.php(49): ModelGenerator->actionIndex()
#3 C:\laragon\www\yii-1.1.19\framework\web\CController.php(308): CInlineAction->runWithParams()
#4 C:\laragon\www\yii-1.1.19\framework\web\CController.php(286): ModelGenerator->runAction()
#5 C:\laragon\www\yii-1.1.19\framework\web\CController.php(265): ModelGenerator->runActionWithFilters()
#6 C:\laragon\www\yii-1.1.19\framework\web\CWebApplication.php(282): ModelGenerator->run()
#7 C:\laragon\www\yii-1.1.19\framework\web\CWebApplication.php(141): CWebApplication->runController()
#8 C:\laragon\www\yii-1.1.19\framework\base\CApplication.php(185): CWebApplication->processRequest()
#9 C:\laragon\www\yii-1.1.19\applications\WebSearch\index.php(14): CWebApplication->run()
REQUEST_URI=/yii-1.1.19/applications/WebSearch/index.php?r=gii/model/index
in C:\laragon\www\yii-1.1.19\applications\WebSearch\index.php (14)
2020/09/30 10:27:16 [error] [php] count(): Parameter must be an array or an object that implements Countable (C:\laragon\www\yii-1.1.19\framework\gii\generators\model\ModelCode.php:371)
Stack trace:
#0 C:\laragon\www\yii-1.1.19\framework\gii\CCodeGenerator.php(162): ModelCode->prepare()
#1 C:\laragon\www\yii-1.1.19\framework\gii\CCodeGenerator.php(63): ModelGenerator->prepare()
#2 C:\laragon\www\yii-1.1.19\framework\web\actions\CInlineAction.php(49): ModelGenerator->actionIndex()
#3 C:\laragon\www\yii-1.1.19\framework\web\CController.php(308): CInlineAction->runWithParams()
#4 C:\laragon\www\yii-1.1.19\framework\web\CController.php(286): ModelGenerator->runAction()
#5 C:\laragon\www\yii-1.1.19\framework\web\CController.php(265): ModelGenerator->runActionWithFilters()
#6 C:\laragon\www\yii-1.1.19\framework\web\CWebApplication.php(282): ModelGenerator->run()
#7 C:\laragon\www\yii-1.1.19\framework\web\CWebApplication.php(141): CWebApplication->runController()
#8 C:\laragon\www\yii-1.1.19\framework\base\CApplication.php(185): CWebApplication->processRequest()
#9 C:\laragon\www\yii-1.1.19\applications\WebSearch\index.php(14): CWebApplication->run()
REQUEST_URI=/yii-1.1.19/applications/WebSearch/index.php?r=gii/model/index
in C:\laragon\www\yii-1.1.19\applications\WebSearch\index.php (14)
2020/09/30 10:37:11 [error] [exception.CException] CException: AppController cannot find the requested view "search". in C:\laragon\www\yii-1.1.19\framework\web\CController.php:881
Stack trace:
#0 C:\laragon\www\yii-1.1.19\framework\web\CController.php(785): CController->renderPartial('search', NULL, true)
#1 C:\laragon\www\yii-1.1.19\applications\WebSearch\protected\controllers\AppController.php(35): CController->render('search')
#2 C:\laragon\www\yii-1.1.19\framework\web\actions\CInlineAction.php(49): AppController->actionSearch()
#3 C:\laragon\www\yii-1.1.19\framework\web\CController.php(308): CInlineAction->runWithParams(Array)
#4 C:\laragon\www\yii-1.1.19\framework\web\CController.php(286): CController->runAction(Object(CInlineAction))
#5 C:\laragon\www\yii-1.1.19\framework\web\CController.php(265): CController->runActionWithFilters(Object(CInlineAction), Array)
#6 C:\laragon\www\yii-1.1.19\framework\web\CWebApplication.php(282): CController->run('search')
#7 C:\laragon\www\yii-1.1.19\framework\web\CWebApplication.php(141): CWebApplication->runController('app/search')
#8 C:\laragon\www\yii-1.1.19\framework\base\CApplication.php(185): CWebApplication->processRequest()
#9 C:\laragon\www\yii-1.1.19\applications\WebSearch\index.php(14): CApplication->run()
#10 {main}
REQUEST_URI=/index.php?r=app/search
---
2020/09/30 10:38:11 [error] [exception.CException] CException: AppController cannot find the requested view "search". in C:\laragon\www\yii-1.1.19\framework\web\CController.php:881
Stack trace:
#0 C:\laragon\www\yii-1.1.19\framework\web\CController.php(785): CController->renderPartial('search', NULL, true)
#1 C:\laragon\www\yii-1.1.19\applications\WebSearch\protected\controllers\AppController.php(35): CController->render('search')
#2 C:\laragon\www\yii-1.1.19\framework\web\actions\CInlineAction.php(49): AppController->actionSearch()
#3 C:\laragon\www\yii-1.1.19\framework\web\CController.php(308): CInlineAction->runWithParams(Array)
#4 C:\laragon\www\yii-1.1.19\framework\web\CController.php(286): CController->runAction(Object(CInlineAction))
#5 C:\laragon\www\yii-1.1.19\framework\web\CController.php(265): CController->runActionWithFilters(Object(CInlineAction), Array)
#6 C:\laragon\www\yii-1.1.19\framework\web\CWebApplication.php(282): CController->run('search')
#7 C:\laragon\www\yii-1.1.19\framework\web\CWebApplication.php(141): CWebApplication->runController('app/search')
#8 C:\laragon\www\yii-1.1.19\framework\base\CApplication.php(185): CWebApplication->processRequest()
#9 C:\laragon\www\yii-1.1.19\applications\WebSearch\index.php(14): CApplication->run()
#10 {main}
REQUEST_URI=/index.php?r=app/search
HTTP_REFERER=http://localhost:8000/index.php?r=site/index
---
2020/09/30 10:39:40 [error] [exception.CException] CException: AppController cannot find the requested view "search". in C:\laragon\www\yii-1.1.19\framework\web\CController.php:881
Stack trace:
#0 C:\laragon\www\yii-1.1.19\framework\web\CController.php(785): CController->renderPartial('search', NULL, true)
#1 C:\laragon\www\yii-1.1.19\applications\WebSearch\protected\controllers\AppController.php(35): CController->render('search')
#2 C:\laragon\www\yii-1.1.19\framework\web\actions\CInlineAction.php(49): AppController->actionSearch()
#3 C:\laragon\www\yii-1.1.19\framework\web\CController.php(308): CInlineAction->runWithParams(Array)
#4 C:\laragon\www\yii-1.1.19\framework\web\CController.php(286): CController->runAction(Object(CInlineAction))
#5 C:\laragon\www\yii-1.1.19\framework\web\CController.php(265): CController->runActionWithFilters(Object(CInlineAction), Array)
#6 C:\laragon\www\yii-1.1.19\framework\web\CWebApplication.php(282): CController->run('search')
#7 C:\laragon\www\yii-1.1.19\framework\web\CWebApplication.php(141): CWebApplication->runController('app/search')
#8 C:\laragon\www\yii-1.1.19\framework\base\CApplication.php(185): CWebApplication->processRequest()
#9 C:\laragon\www\yii-1.1.19\applications\WebSearch\index.php(14): CApplication->run()
#10 {main}
REQUEST_URI=/index.php?r=app/search
HTTP_REFERER=http://localhost:8000/index.php?r=site/index
---
2020/09/30 10:39:41 [error] [exception.CException] CException: AppController cannot find the requested view "search". in C:\laragon\www\yii-1.1.19\framework\web\CController.php:881
Stack trace:
#0 C:\laragon\www\yii-1.1.19\framework\web\CController.php(785): CController->renderPartial('search', NULL, true)
#1 C:\laragon\www\yii-1.1.19\applications\WebSearch\protected\controllers\AppController.php(35): CController->render('search')
#2 C:\laragon\www\yii-1.1.19\framework\web\actions\CInlineAction.php(49): AppController->actionSearch()
#3 C:\laragon\www\yii-1.1.19\framework\web\CController.php(308): CInlineAction->runWithParams(Array)
#4 C:\laragon\www\yii-1.1.19\framework\web\CController.php(286): CController->runAction(Object(CInlineAction))
#5 C:\laragon\www\yii-1.1.19\framework\web\CController.php(265): CController->runActionWithFilters(Object(CInlineAction), Array)
#6 C:\laragon\www\yii-1.1.19\framework\web\CWebApplication.php(282): CController->run('search')
#7 C:\laragon\www\yii-1.1.19\framework\web\CWebApplication.php(141): CWebApplication->runController('app/search')
#8 C:\laragon\www\yii-1.1.19\framework\base\CApplication.php(185): CWebApplication->processRequest()
#9 C:\laragon\www\yii-1.1.19\applications\WebSearch\index.php(14): CApplication->run()
#10 {main}
REQUEST_URI=/index.php?r=app/search
HTTP_REFERER=http://localhost:8000/index.php?r=site/index
---
